launcher/build/outputs/mapping/release/configuration.txt
# The proguard configuration file for the following section is default_proguard_files\global\proguard-android-optimize.txt-7.1.2
# This is a configuration file for ProGuard.
# http://proguard.sourceforge.net/index.html#manual/usage.html
#
# Starting with version 2.2 of the Android plugin for Gradle, this file is distributed together with
# the plugin and unpacked at build-time. The files in $ANDROID_HOME are no longer maintained and
# will be ignored by new version of the Android plugin for Gradle.

# Optimizations: If you don't want to optimize, use the proguard-android.txt configuration file
# instead of this one, which turns off the optimization flags.
# Adding optimization introduces certain risks, since for example not all optimizations performed by
# ProGuard works on all versions of Dalvik.  The following flags turn off various optimizations
# known to have issues, but the list may not be complete or up to date. (The "arithmetic"
# optimization can be used if you are only targeting Android 2.0 or later.)  Make sure you test
# thoroughly if you go this route.
-optimizations !code/simplification/arithmetic,!code/simplification/cast,!field/*,!class/merging/*
-optimizationpasses 5
-allowaccessmodification

-dontusemixedcaseclassnames
-dontskipnonpubliclibraryclasses
-verbose

# Preserve some attributes that may be required for reflection.
-keepattributes AnnotationDefault,
                EnclosingMethod,
                InnerClasses,
                RuntimeVisibleAnnotations,
                RuntimeVisibleParameterAnnotations,
                RuntimeVisibleTypeAnnotations,
                Signature

-keep public class com.google.vending.licensing.ILicensingService
-keep public class com.android.vending.licensing.ILicensingService
-keep public class com.google.android.vending.licensing.ILicensingService
-dontnote com.android.vending.licensing.ILicensingService
-dontnote com.google.vending.licensing.ILicensingService
-dontnote com.google.android.vending.licensing.ILicensingService

# For native methods, see http://proguard.sourceforge.net/manual/examples.html#native
-keepclasseswithmembernames,includedescriptorclasses class * {
    native <methods>;
}

# Keep setters in Views so that animations can still work.
-keepclassmembers public class * extends android.view.View {
    void set*(***);
    *** get*();
}

# We want to keep methods in Activity that could be used in the XML attribute onClick.
-keepclassmembers class * extends android.app.Activity {
    public void *(android.view.View);
}

# For enumeration classes, see http://proguard.sourceforge.net/manual/examples.html#enumerations
-keepclassmembers enum * {
    public static **[] values();
    public static ** valueOf(java.lang.String);
}

-keepclassmembers class * implements android.os.Parcelable {
    public static final ** CREATOR;
}

# Preserve annotated Javascript interface methods.
-keepclassmembers class * {
    @android.webkit.JavascriptInterface <methods>;
}

# The support libraries contains references to newer platform versions.
# Don't warn about those in case this app is linking against an older
# platform version. We know about them, and they are safe.
-dontnote android.support.**
-dontnote androidx.**
-dontwarn android.support.**
-dontwarn androidx.**

# This class is deprecated, but remains for backward compatibility.
-dontwarn android.util.FloatMath

# Understand the @Keep support annotation.
-keep class android.support.annotation.Keep
-keep class androidx.annotation.Keep

-keep @android.support.annotation.Keep class * {*;}
-keep @androidx.annotation.Keep class * {*;}

-keepclasseswithmembers class * {
    @android.support.annotation.Keep <methods>;
}

-keepclasseswithmembers class * {
    @androidx.annotation.Keep <methods>;
}

-keepclasseswithmembers class * {
    @android.support.annotation.Keep <fields>;
}

-keepclasseswithmembers class * {
    @androidx.annotation.Keep <fields>;
}

-keepclasseswithmembers class * {
    @android.support.annotation.Keep <init>(...);
}

-keepclasseswithmembers class * {
    @androidx.annotation.Keep <init>(...);
}

# These classes are duplicated between android.jar and org.apache.http.legacy.jar.
-dontnote org.apache.http.**
-dontnote android.net.http.**

# These classes are duplicated between android.jar and core-lambda-stubs.jar.
-dontnote java.lang.invoke.**

# End of content from default_proguard_files\global\proguard-android-optimize.txt-7.1.2
# The proguard configuration file for the following section is aapt_proguard_file\release\aapt_rules.txt
# Generated by the gradle plugin

# End of content from aapt_proguard_file\release\aapt_rules.txt
# The proguard configuration file for the following section is release\lib0\proguard.txt
-keep class bitter.jnibridge.* { *; }
-keep class com.unity3d.player.* { *; }
-keep interface com.unity3d.player.IUnityPlayerLifecycleEvents { *; }
-keep class org.fmod.* { *; }
-keep class com.google.androidgamesdk.ChoreographerCallback { *; }
-keep class com.google.androidgamesdk.SwappyDisplayManager { *; }
-ignorewarnings

# End of content from release\lib0\proguard.txt
# The proguard configuration file for the following section is transformed\jetified-arcore_client\proguard.txt
# Keep ARCore public-facing classes
-keepparameternames

# These are part of the Java <-> native interfaces for ARCore.
-keepclasseswithmembernames,includedescriptorclasses class !com.google.ar.core.services.logging.**, com.google.ar.** {
    native <methods>;
}

-keep public class !com.google.ar.core**.R$*, !com.google.ar.core.services.logging.**, com.google.ar.core.** {*;}

# If you need to build a library on top of arcore_client, and use this library for your project
# Please un-comment this line below.
# -keepattributes *Annotation*

-keep class com.google.ar.core.annotations.UsedByNative
-keep @com.google.ar.core.annotations.UsedByNative class *
-keepclassmembers class * {
    @com.google.ar.core.annotations.UsedByNative *;
}

-keep class com.google.ar.core.annotations.UsedByReflection
-keep @com.google.ar.core.annotations.UsedByReflection class *
-keepclassmembers class * {
    @com.google.ar.core.annotations.UsedByReflection *;
}
# Keep Dynamite classes

# .aidl file will be proguarded, we should keep all Aidls.
-keep class com.google.vr.dynamite.client.IObjectWrapper { *; }
-keep class com.google.vr.dynamite.client.ILoadedInstanceCreator { *; }
-keep class com.google.vr.dynamite.client.INativeLibraryLoader { *; }

# Keep annotation files and the file got annotated.
-keep class com.google.vr.dynamite.client.UsedByNative
-keep @com.google.vr.dynamite.client.UsedByNative class *
-keepclassmembers class * {
    @com.google.vr.dynamite.client.UsedByNative *;
}

-keep class com.google.vr.dynamite.client.UsedByReflection
-keep @com.google.vr.dynamite.client.UsedByReflection class *
-keepclassmembers class * {
    @com.google.vr.dynamite.client.UsedByReflection *;
}

# End of content from transformed\jetified-arcore_client\proguard.txt
# The proguard configuration file for the following section is transformed\jetified-ARPresto\proguard.txt

# End of content from transformed\jetified-ARPresto\proguard.txt
# The proguard configuration file for the following section is transformed\jetified-UnityARCore\proguard.txt

# End of content from transformed\jetified-UnityARCore\proguard.txt
# The proguard configuration file for the following section is <unknown>
-keep class **.R
-keep class **.R$* {*;}
-ignorewarnings
# End of content from <unknown>