launcher/build/outputs/mapping/release/usage.txt
com.SkyDelight.ARTemplate.BuildConfig